<?xml version="1.0" encoding="UTF-8"?>
<!-- Generated by org.testng.reporters.JUnitReportReporter -->
<testsuite hostname="DESKTOP-5NNVCSS" failures="0" tests="1" name="org.rahulshettyacademy.GeneralStores1Test" time="21.139" errors="0" timestamp="24 Jul 2022 13:00:00 GMT" skipped="0">
  <testcase classname="org.rahulshettyacademy.GeneralStores1Test" name="FirstTest" time="21.139"/>
</testsuite> <!-- org.rahulshettyacademy.GeneralStores1Test -->
