<?xml version="1.0" encoding="UTF-8"?>
<!-- Generated by org.testng.reporters.JUnitReportReporter -->
<testsuite hostname="DESKTOP-5NNVCSS" failures="0" tests="1" name="org.rahulshettyacademy.GeneralStores3Test" time="0.001" errors="0" timestamp="24 Jul 2022 16:44:41 GMT" skipped="0">
  <testcase classname="org.rahulshettyacademy.GeneralStores3Test" name="AnotherotherTest" time="0.001"/>
</testsuite> <!-- org.rahulshettyacademy.GeneralStores3Test -->
