<?xml version="1.0" encoding="UTF-8"?>
<!-- Generated by org.testng.reporters.JUnitReportReporter -->
<testsuite hostname="DESKTOP-5NNVCSS" failures="0" tests="1" name="org.rahulshettyacademy.GeneralStores1Test" time="0.122" errors="0" timestamp="24 Jul 2022 17:01:18 GMT" skipped="0">
  <testcase classname="org.rahulshettyacademy.GeneralStores1Test" name="AnotherTest" time="0.122"/>
</testsuite> <!-- org.rahulshettyacademy.GeneralStores1Test -->
